Using pre-set license
Built from '2021.3/release' branch; Version is '2021.3.27f1 (ca3ffb99bcc6) revision 13254651'; Using compiler version '192829333'; Build Type 'Release'
OS: 'Windows 10  (10.0.19045) 64bit Enterprise' Language: 'en' Physical Memory: 7115 MB
BatchMode: 1, IsHumanControllingUs: 0, StartBugReporterOnCrash: 0, Is64bit: 1, IsPro: 1

COMMAND LINE ARGUMENTS:
C:\Program Files\Unity 2021.3.27f1\Editor\Unity.exe
-adb2
-batchMode
-noUpm
-name
AssetImportWorker0
-projectPath
C:/Users/Toto/Documents/Donkey Kong
-logFile
Logs/AssetImportWorker0.log
-srvPort
54946
Successfully changed project path to: C:/Users/Toto/Documents/Donkey Kong
C:/Users/Toto/Documents/Donkey Kong
[UnityMemory] Configuration Parameters - Can be set up in boot.config
    "memorysetup-bucket-allocator-granularity=16"
    "memorysetup-bucket-allocator-bucket-count=8"
    "memorysetup-bucket-allocator-block-size=33554432"
    "memorysetup-bucket-allocator-block-count=8"
    "memorysetup-main-allocator-block-size=16777216"
    "memorysetup-thread-allocator-block-size=16777216"
    "memorysetup-gfx-main-allocator-block-size=16777216"
    "memorysetup-gfx-thread-allocator-block-size=16777216"
    "memorysetup-cache-allocator-block-size=4194304"
    "memorysetup-typetree-allocator-block-size=2097152"
    "memorysetup-profiler-bucket-allocator-granularity=16"
    "memorysetup-profiler-bucket-allocator-bucket-count=8"
    "memorysetup-profiler-bucket-allocator-block-size=33554432"
    "memorysetup-profiler-bucket-allocator-block-count=8"
    "memorysetup-profiler-allocator-block-size=16777216"
    "memorysetup-profiler-editor-allocator-block-size=1048576"
    "memorysetup-temp-allocator-size-main=16777216"
    "memorysetup-job-temp-allocator-block-size=2097152"
    "memorysetup-job-temp-allocator-block-size-background=1048576"
    "memorysetup-job-temp-allocator-reduction-small-platforms=262144"
    "memorysetup-temp-allocator-size-background-worker=32768"
    "memorysetup-temp-allocator-size-job-worker=262144"
    "memorysetup-temp-allocator-size-preload-manager=33554432"
    "memorysetup-temp-allocator-size-nav-mesh-worker=65536"
    "memorysetup-temp-allocator-size-audio-worker=65536"
    "memorysetup-temp-allocator-size-cloud-worker=32768"
    "memorysetup-temp-allocator-size-gi-baking-worker=262144"
    "memorysetup-temp-allocator-size-gfx=262144"
Player connection [12000] Host "[IP] 192.168.1.73 [Port] 0 [Flags] 2 [Guid] 362604392 [EditorId] 362604392 [Version] 1048832 [Id] WindowsEditor(7,DESKTOP-840OGJ7) [Debug] 1 [PackageName] WindowsEditor [ProjectName] Editor" joined multi-casting on [225.0.0.222:54997]...

Player connection [12000] Host "[IP] 192.168.1.73 [Port] 0 [Flags] 2 [Guid] 362604392 [EditorId] 362604392 [Version] 1048832 [Id] WindowsEditor(7,DESKTOP-840OGJ7) [Debug] 1 [PackageName] WindowsEditor [ProjectName] Editor" joined alternative multi-casting on [225.0.0.222:34997]...

Refreshing native plugins compatible for Editor in 274.69 ms, found 2 plugins.
Preloading 0 native plugins for Editor in 0.00 ms.
Initialize engine version: 2021.3.27f1 (ca3ffb99bcc6)
[Subsystems] Discovering subsystems at path C:/Program Files/Unity 2021.3.27f1/Editor/Data/Resources/UnitySubsystems
[Subsystems] Discovering subsystems at path C:/Users/Toto/Documents/Donkey Kong/Assets
GfxDevice: creating device client; threaded=0; jobified=0
Direct3D:
    Version:  Direct3D 11.0 [level 11.1]
    Renderer: AMD Radeon R5 Graphics (ID=0x9874)
    Vendor:   ATI
    VRAM:     3557 MB
    Driver:   27.20.14540.14002
Initialize mono
Mono path[0] = 'C:/Program Files/Unity 2021.3.27f1/Editor/Data/Managed'
Mono path[1] = 'C:/Program Files/Unity 2021.3.27f1/Editor/Data/MonoBleedingEdge/lib/mono/unityjit-win32'
Mono config path = 'C:/Program Files/Unity 2021.3.27f1/Editor/Data/MonoBleedingEdge/etc'
Using monoOptions --debugger-agent=transport=dt_socket,embedding=1,server=y,suspend=n,address=127.0.0.1:56156
Begin MonoManager ReloadAssembly
Registering precompiled unity dll's ...
Register platform support module: C:/Program Files/Unity 2021.3.27f1/Editor/Data/PlaybackEngines/WindowsStandaloneSupport/UnityEditor.WindowsStandalone.Extensions.dll
Registered in 0.012552 seconds.
Native extension for WindowsStandalone target not found
Refreshing native plugins compatible for Editor in 68.51 ms, found 2 plugins.
Preloading 0 native plugins for Editor in 0.00 ms.
Mono: successfully reloaded assembly
- Completed reload, in  1.921 seconds
Domain Reload Profiling:
	ReloadAssembly (1922ms)
		BeginReloadAssembly (427ms)
			ExecutionOrderSort (0ms)
			DisableScriptedObjects (0ms)
			BackupInstance (0ms)
			ReleaseScriptingObjects (0ms)
			CreateAndSetChildDomain (2ms)
		EndReloadAssembly (1233ms)
			LoadAssemblies (422ms)
			RebuildTransferFunctionScriptingTraits (0ms)
			SetupTypeCache (401ms)
			ReleaseScriptCaches (0ms)
			RebuildScriptCaches (70ms)
			SetupLoadedEditorAssemblies (625ms)
				LogAssemblyErrors (0ms)
				InitializePlatformSupportModulesInManaged (19ms)
				SetLoadedEditorAssemblies (0ms)
				RefreshPlugins (69ms)
				BeforeProcessingInitializeOnLoad (3ms)
				ProcessInitializeOnLoadAttributes (341ms)
				ProcessInitializeOnLoadMethodAttributes (193ms)
				AfterProcessingInitializeOnLoad (0ms)
				EditorAssembliesLoaded (0ms)
			ExecutionOrderSort2 (0ms)
			AwakeInstancesAfterBackupRestoration (0ms)
Platform modules already initialized, skipping
Registering precompiled user dll's ...
Registered in 0.016105 seconds.
Begin MonoManager ReloadAssembly
Native extension for WindowsStandalone target not found
Refreshing native plugins compatible for Editor in 1.30 ms, found 2 plugins.
Preloading 0 native plugins for Editor in 0.00 ms.
Mono: successfully reloaded assembly
- Completed reload, in  6.291 seconds
Domain Reload Profiling:
	ReloadAssembly (6294ms)
		BeginReloadAssembly (1108ms)
			ExecutionOrderSort (0ms)
			DisableScriptedObjects (122ms)
			BackupInstance (0ms)
			ReleaseScriptingObjects (1ms)
			CreateAndSetChildDomain (149ms)
		EndReloadAssembly (3485ms)
			LoadAssemblies (829ms)
			RebuildTransferFunctionScriptingTraits (0ms)
			SetupTypeCache (597ms)
			ReleaseScriptCaches (2ms)
			RebuildScriptCaches (203ms)
			SetupLoadedEditorAssemblies (1869ms)
				LogAssemblyErrors (0ms)
				InitializePlatformSupportModulesInManaged (13ms)
				SetLoadedEditorAssemblies (1ms)
				RefreshPlugins (1ms)
				BeforeProcessingInitializeOnLoad (160ms)
				ProcessInitializeOnLoadAttributes (1158ms)
				ProcessInitializeOnLoadMethodAttributes (510ms)
				AfterProcessingInitializeOnLoad (26ms)
				EditorAssembliesLoaded (0ms)
			ExecutionOrderSort2 (0ms)
			AwakeInstancesAfterBackupRestoration (18ms)
Platform modules already initialized, skipping
========================================================================
Worker process is ready to serve import requests
Launched and connected shader compiler UnityShaderCompiler.exe after 0.17 seconds
Refreshing native plugins compatible for Editor in 1.24 ms, found 2 plugins.
Preloading 0 native plugins for Editor in 0.00 ms.
Unloading 2262 Unused Serialized files (Serialized files now loaded: 0)
Unloading 50 unused Assets / (46.3 KB). Loaded Objects now: 2705.
Memory consumption went from 87.0 MB to 86.9 MB.
Total: 12.185000 ms (FindLiveObjects: 0.439500 ms CreateObjectMapping: 0.222100 ms MarkObjects: 11.337800 ms  DeleteObjects: 0.182400 ms)

AssetImportParameters requested are different than current active one (requested -> active):
  custom:video-decoder-ogg-theora: a1e56fd34408186e4bbccfd4996cb3dc -> 
  custom:container-muxer-webm: aa71ff27fc2769a1b78a27578f13a17b -> 
  custom:container-demuxer-webm: 4f35f7cbe854078d1ac9338744f61a02 -> 
  custom:video-encoder-webm-vp8: eb34c28f22e8b96e1ab97ce403110664 -> 
  custom:audio-encoder-webm-vorbis: bf7c407c2cedff20999df2af8eb42d56 -> 
  custom:framework-win-MediaFoundation: 216162199b28c13a410421893ffa2e32 -> 
  custom:container-demuxer-ogg: 62fdf1f143b41e24485cea50d1cbac27 -> 
  custom:video-decoder-webm-vp8: 9c59270c3fd7afecdb556c50c9e8de78 -> 
  custom:audio-decoder-ogg-vorbis: bf7c407c2cedff20999df2af8eb42d56 -> 
========================================================================
Received Import Request.
  Time since last request: 4833.225530 seconds.
  path: Assets/Sprites/Mario_Climb.png
  artifactKey: Guid(0eb6ae44896132f46a1cb8d1664da99a) Importer(815301076,1909f56bfc062723c751e8b465ee728b)
Start importing Assets/Sprites/Mario_Climb.png using Guid(0eb6ae44896132f46a1cb8d1664da99a) Importer(815301076,1909f56bfc062723c751e8b465ee728b)  -> (artifact id: '59b564de345ad4db56b507828751e59d') in 0.407827 seconds 
========================================================================
Received Import Request.
  Time since last request: 0.000060 seconds.
  path: Assets/Sprites/Mario_Run1.png
  artifactKey: Guid(66f99c7802d3ba9489d571c6ef14d341) Importer(815301076,1909f56bfc062723c751e8b465ee728b)
Start importing Assets/Sprites/Mario_Run1.png using Guid(66f99c7802d3ba9489d571c6ef14d341) Importer(815301076,1909f56bfc062723c751e8b465ee728b)  -> (artifact id: 'b5220879f8fa12e17dc379eeb57a934e') in 0.130352 seconds 
========================================================================
Received Import Request.
  Time since last request: 0.000583 seconds.
  path: Assets/Prefabs/Barrel.prefab
  artifactKey: Guid(8b1090fb22a3be549b9321364417df1f) Importer(815301076,1909f56bfc062723c751e8b465ee728b)
Start importing Assets/Prefabs/Barrel.prefab using Guid(8b1090fb22a3be549b9321364417df1f) Importer(815301076,1909f56bfc062723c751e8b465ee728b)  -> (artifact id: '29a2d198bba12c1827b7d68036125436') in 0.146485 seconds 
========================================================================
Received Import Request.
  Time since last request: 0.000164 seconds.
  path: Assets/Prefabs/Mario.prefab
  artifactKey: Guid(fffaa3ea6a2c8a842856481e1b5ee6d6) Importer(815301076,1909f56bfc062723c751e8b465ee728b)
Start importing Assets/Prefabs/Mario.prefab using Guid(fffaa3ea6a2c8a842856481e1b5ee6d6) Importer(815301076,1909f56bfc062723c751e8b465ee728b)  -> (artifact id: 'da811719310ef2349192ce2689fffc41') in 0.044505 seconds 
========================================================================
Received Import Request.
  Time since last request: 0.000047 seconds.
  path: Assets/Prefabs/Ladder.prefab
  artifactKey: Guid(2535e4d01bccd9b41b9ad5c9c1779a38) Importer(815301076,1909f56bfc062723c751e8b465ee728b)
Start importing Assets/Prefabs/Ladder.prefab using Guid(2535e4d01bccd9b41b9ad5c9c1779a38) Importer(815301076,1909f56bfc062723c751e8b465ee728b)  -> (artifact id: 'bd19ed45595a5e544cd8d361c9a0670a') in 0.116309 seconds 
========================================================================
Received Import Request.
  Time since last request: 0.000114 seconds.
  path: Assets/Prefabs/DonkeyKong.prefab
  artifactKey: Guid(13507d9d7e714f540a427b92490479ad) Importer(815301076,1909f56bfc062723c751e8b465ee728b)
Start importing Assets/Prefabs/DonkeyKong.prefab using Guid(13507d9d7e714f540a427b92490479ad) Importer(815301076,1909f56bfc062723c751e8b465ee728b)  -> (artifact id: '5a91442ae0aead0331f180f5f5d8b759') in 0.191629 seconds 
========================================================================
Received Import Request.
  Time since last request: 0.001372 seconds.
  path: Assets/Sprites/DonkeyKong.png
  artifactKey: Guid(a7daa600d624ff34a9ae5d72a3686415) Importer(815301076,1909f56bfc062723c751e8b465ee728b)
Start importing Assets/Sprites/DonkeyKong.png using Guid(a7daa600d624ff34a9ae5d72a3686415) Importer(815301076,1909f56bfc062723c751e8b465ee728b)  -> (artifact id: '25924d127c961f1a17c2f9ca32fb04b7') in 0.093293 seconds 
========================================================================
Received Import Request.
  Time since last request: 0.002857 seconds.
  path: Assets/Sprites/Platform.png
  artifactKey: Guid(2f1b12544c42c5f498726aad62bb70ad) Importer(815301076,1909f56bfc062723c751e8b465ee728b)
Start importing Assets/Sprites/Platform.png using Guid(2f1b12544c42c5f498726aad62bb70ad) Importer(815301076,1909f56bfc062723c751e8b465ee728b)  -> (artifact id: '20c94cd644f6f0765f863447861d55c6') in 0.186001 seconds 
========================================================================
Received Import Request.
  Time since last request: 0.000052 seconds.
  path: Assets/Sprites/Mario_Run2.png
  artifactKey: Guid(f206a2328d898294bad90269b3239467) Importer(815301076,1909f56bfc062723c751e8b465ee728b)
Start importing Assets/Sprites/Mario_Run2.png using Guid(f206a2328d898294bad90269b3239467) Importer(815301076,1909f56bfc062723c751e8b465ee728b)  -> (artifact id: 'bbe55426e61496fa3e22523e54bcd7d6') in 0.615807 seconds 
========================================================================
Received Import Request.
  Time since last request: 0.000863 seconds.
  path: Assets/Sprites/Ladder.png
  artifactKey: Guid(7595dfc175531df48bcabe48e4e1cc82) Importer(815301076,1909f56bfc062723c751e8b465ee728b)
Start importing Assets/Sprites/Ladder.png using Guid(7595dfc175531df48bcabe48e4e1cc82) Importer(815301076,1909f56bfc062723c751e8b465ee728b)  -> (artifact id: 'a4272705b9321bcae7802a2505930f96') in 0.138119 seconds 
========================================================================
Received Import Request.
  Time since last request: 0.000777 seconds.
  path: Assets/Sprites/Princess.png
  artifactKey: Guid(ced913dc9297a684195b1b52d7993c0e) Importer(815301076,1909f56bfc062723c751e8b465ee728b)
Start importing Assets/Sprites/Princess.png using Guid(ced913dc9297a684195b1b52d7993c0e) Importer(815301076,1909f56bfc062723c751e8b465ee728b)  -> (artifact id: '5bbb2460d903bb24d9bbe88542269ab4') in 0.199639 seconds 
========================================================================
Received Import Request.
  Time since last request: 0.001584 seconds.
  path: Assets/Prefabs/Princess.prefab
  artifactKey: Guid(101c9b93073f7e44693627405259e9fa) Importer(815301076,1909f56bfc062723c751e8b465ee728b)
Start importing Assets/Prefabs/Princess.prefab using Guid(101c9b93073f7e44693627405259e9fa) Importer(815301076,1909f56bfc062723c751e8b465ee728b)  -> (artifact id: 'bb93ce73e2dfbf80436994a1a8539333') in 0.123499 seconds 
========================================================================
Received Import Request.
  Time since last request: 0.007282 seconds.
  path: Assets/Prefabs/Platform.prefab
  artifactKey: Guid(2fbe01c893cee5f40b771b119d01aa95) Importer(815301076,1909f56bfc062723c751e8b465ee728b)
Start importing Assets/Prefabs/Platform.prefab using Guid(2fbe01c893cee5f40b771b119d01aa95) Importer(815301076,1909f56bfc062723c751e8b465ee728b)  -> (artifact id: 'fe2877179f9e127ddbb860f2f411a2c3') in 0.243358 seconds 
========================================================================
Received Import Request.
  Time since last request: 0.007965 seconds.
  path: Assets/Sprites/Barrel.png
  artifactKey: Guid(0fe88190dd4495f4689fd639922b7082) Importer(815301076,1909f56bfc062723c751e8b465ee728b)
Start importing Assets/Sprites/Barrel.png using Guid(0fe88190dd4495f4689fd639922b7082) Importer(815301076,1909f56bfc062723c751e8b465ee728b)  -> (artifact id: '11f2f3b79f7004d0f3ead9e7ffbe28e4') in 0.203146 seconds 
========================================================================
Received Import Request.
  Time since last request: 0.002676 seconds.
  path: Assets/Sprites/Mario_Run3.png
  artifactKey: Guid(c83817e86c57d3246ad74345015e0967) Importer(815301076,1909f56bfc062723c751e8b465ee728b)
Start importing Assets/Sprites/Mario_Run3.png using Guid(c83817e86c57d3246ad74345015e0967) Importer(815301076,1909f56bfc062723c751e8b465ee728b)  -> (artifact id: 'c9686c54a6b25d589faef8e8551cfcef') in 0.178911 seconds 
========================================================================
Received Import Request.
  Time since last request: 0.000310 seconds.
  path: Assets/Prefabs/Platform 1.prefab
  artifactKey: Guid(c8a4bb70f5200834b9e05f318dc93f46) Importer(815301076,1909f56bfc062723c751e8b465ee728b)
Start importing Assets/Prefabs/Platform 1.prefab using Guid(c8a4bb70f5200834b9e05f318dc93f46) Importer(815301076,1909f56bfc062723c751e8b465ee728b)  -> (artifact id: '5cca97f4b440dd0dda5075fb6660c7b6') in 0.167584 seconds 
========================================================================
Received Import Request.
  Time since last request: 6.493892 seconds.
  path: Assets/Prefabs/Mario.prefab
  artifactKey: Guid(fffaa3ea6a2c8a842856481e1b5ee6d6) Importer(815301076,1909f56bfc062723c751e8b465ee728b)
Start importing Assets/Prefabs/Mario.prefab using Guid(fffaa3ea6a2c8a842856481e1b5ee6d6) Importer(815301076,1909f56bfc062723c751e8b465ee728b)  -> (artifact id: '8faabcd2fdb95314e55fe0637972159e') in 0.122619 seconds 
========================================================================
Received Prepare
Registering precompiled user dll's ...
Registered in 0.020127 seconds.
Begin MonoManager ReloadAssembly
Native extension for WindowsStandalone target not found
Refreshing native plugins compatible for Editor in 1.30 ms, found 2 plugins.
Preloading 0 native plugins for Editor in 0.00 ms.
Mono: successfully reloaded assembly
- Completed reload, in  6.126 seconds
Domain Reload Profiling:
	ReloadAssembly (6130ms)
		BeginReloadAssembly (2404ms)
			ExecutionOrderSort (0ms)
			DisableScriptedObjects (168ms)
			BackupInstance (0ms)
			ReleaseScriptingObjects (1ms)
			CreateAndSetChildDomain (432ms)
		EndReloadAssembly (2964ms)
			LoadAssemblies (1686ms)
			RebuildTransferFunctionScriptingTraits (0ms)
			SetupTypeCache (1137ms)
			ReleaseScriptCaches (3ms)
			RebuildScriptCaches (114ms)
			SetupLoadedEditorAssemblies (1206ms)
				LogAssemblyErrors (0ms)
				InitializePlatformSupportModulesInManaged (16ms)
				SetLoadedEditorAssemblies (1ms)
				RefreshPlugins (2ms)
				BeforeProcessingInitializeOnLoad (174ms)
				ProcessInitializeOnLoadAttributes (509ms)
				ProcessInitializeOnLoadMethodAttributes (483ms)
				AfterProcessingInitializeOnLoad (22ms)
				EditorAssembliesLoaded (0ms)
			ExecutionOrderSort2 (0ms)
			AwakeInstancesAfterBackupRestoration (18ms)
Platform modules already initialized, skipping
Refreshing native plugins compatible for Editor in 16.88 ms, found 2 plugins.
Preloading 0 native plugins for Editor in 0.00 ms.
Unloading 2256 Unused Serialized files (Serialized files now loaded: 0)
Unloading 39 unused Assets / (21.9 KB). Loaded Objects now: 2731.
Memory consumption went from 90.7 MB to 90.6 MB.
Total: 16.482500 ms (FindLiveObjects: 0.317700 ms CreateObjectMapping: 0.187600 ms MarkObjects: 15.906600 ms  DeleteObjects: 0.067200 ms)

AssetImportParameters requested are different than current active one (requested -> active):
  custom:video-decoder-ogg-theora: a1e56fd34408186e4bbccfd4996cb3dc -> 
  custom:container-muxer-webm: aa71ff27fc2769a1b78a27578f13a17b -> 
  custom:container-demuxer-webm: 4f35f7cbe854078d1ac9338744f61a02 -> 
  custom:video-encoder-webm-vp8: eb34c28f22e8b96e1ab97ce403110664 -> 
  custom:audio-encoder-webm-vorbis: bf7c407c2cedff20999df2af8eb42d56 -> 
  custom:framework-win-MediaFoundation: 216162199b28c13a410421893ffa2e32 -> 
  custom:container-demuxer-ogg: 62fdf1f143b41e24485cea50d1cbac27 -> 
  custom:video-decoder-webm-vp8: 9c59270c3fd7afecdb556c50c9e8de78 -> 
  custom:audio-decoder-ogg-vorbis: bf7c407c2cedff20999df2af8eb42d56 -> 
========================================================================
Received Import Request.
  Time since last request: 60.615477 seconds.
  path: Packages/com.unity.analytics/DataPrivacy/DataPrivacyIcon.png
  artifactKey: Guid(599a5fd92bab81a4ab02e52d0b1b1c60) Importer(815301076,1909f56bfc062723c751e8b465ee728b)
Start importing Packages/com.unity.analytics/DataPrivacy/DataPrivacyIcon.png using Guid(599a5fd92bab81a4ab02e52d0b1b1c60) Importer(815301076,1909f56bfc062723c751e8b465ee728b)  -> (artifact id: '5caa849524497d4e5306ba967f2d862a') in 0.386990 seconds 
========================================================================
Received Import Request.
  Time since last request: 12.841786 seconds.
  path: Assets/Scripts/Player.cs
  artifactKey: Guid(2a063683f5552224893660a87c68e79e) Importer(815301076,1909f56bfc062723c751e8b465ee728b)
Start importing Assets/Scripts/Player.cs using Guid(2a063683f5552224893660a87c68e79e) Importer(815301076,1909f56bfc062723c751e8b465ee728b)  -> (artifact id: '3e4b56d16709e0e9f0c4f723ce6b0da7') in 1.663884 seconds 
========================================================================
Received Import Request.
  Time since last request: 175.099115 seconds.
  path: Assets/Scripts/Player.cs
  artifactKey: Guid(2a063683f5552224893660a87c68e79e) Importer(815301076,1909f56bfc062723c751e8b465ee728b)
Start importing Assets/Scripts/Player.cs using Guid(2a063683f5552224893660a87c68e79e) Importer(815301076,1909f56bfc062723c751e8b465ee728b)  -> (artifact id: 'a25235ad3cbb332bdc84408ce33c0098') in 0.321696 seconds 
========================================================================
Received Prepare
Registering precompiled user dll's ...
Registered in 0.017863 seconds.
Begin MonoManager ReloadAssembly
Native extension for WindowsStandalone target not found
Refreshing native plugins compatible for Editor in 1.32 ms, found 2 plugins.
Preloading 0 native plugins for Editor in 0.00 ms.
Mono: successfully reloaded assembly
- Completed reload, in  7.860 seconds
Domain Reload Profiling:
	ReloadAssembly (7864ms)
		BeginReloadAssembly (507ms)
			ExecutionOrderSort (0ms)
			DisableScriptedObjects (31ms)
			BackupInstance (0ms)
			ReleaseScriptingObjects (0ms)
			CreateAndSetChildDomain (110ms)
		EndReloadAssembly (6854ms)
			LoadAssemblies (597ms)
			RebuildTransferFunctionScriptingTraits (0ms)
			SetupTypeCache (1392ms)
			ReleaseScriptCaches (7ms)
			RebuildScriptCaches (795ms)
			SetupLoadedEditorAssemblies (3117ms)
				LogAssemblyErrors (0ms)
				InitializePlatformSupportModulesInManaged (17ms)
				SetLoadedEditorAssemblies (2ms)
				RefreshPlugins (1ms)
				BeforeProcessingInitializeOnLoad (209ms)
				ProcessInitializeOnLoadAttributes (2259ms)
				ProcessInitializeOnLoadMethodAttributes (598ms)
				AfterProcessingInitializeOnLoad (29ms)
				EditorAssembliesLoaded (1ms)
			ExecutionOrderSort2 (0ms)
			AwakeInstancesAfterBackupRestoration (23ms)
Platform modules already initialized, skipping
Refreshing native plugins compatible for Editor in 18.14 ms, found 2 plugins.
Preloading 0 native plugins for Editor in 0.00 ms.
Unloading 2256 Unused Serialized files (Serialized files now loaded: 0)
Unloading 39 unused Assets / (22.0 KB). Loaded Objects now: 2737.
Memory consumption went from 90.7 MB to 90.7 MB.
Total: 15.761700 ms (FindLiveObjects: 0.381200 ms CreateObjectMapping: 0.294300 ms MarkObjects: 14.954000 ms  DeleteObjects: 0.128500 ms)

AssetImportParameters requested are different than current active one (requested -> active):
  custom:video-decoder-ogg-theora: a1e56fd34408186e4bbccfd4996cb3dc -> 
  custom:container-muxer-webm: aa71ff27fc2769a1b78a27578f13a17b -> 
  custom:container-demuxer-webm: 4f35f7cbe854078d1ac9338744f61a02 -> 
  custom:video-encoder-webm-vp8: eb34c28f22e8b96e1ab97ce403110664 -> 
  custom:audio-encoder-webm-vorbis: bf7c407c2cedff20999df2af8eb42d56 -> 
  custom:framework-win-MediaFoundation: 216162199b28c13a410421893ffa2e32 -> 
  custom:container-demuxer-ogg: 62fdf1f143b41e24485cea50d1cbac27 -> 
  custom:video-decoder-webm-vp8: 9c59270c3fd7afecdb556c50c9e8de78 -> 
  custom:audio-decoder-ogg-vorbis: bf7c407c2cedff20999df2af8eb42d56 -> 
========================================================================
Received Prepare
Registering precompiled user dll's ...
Registered in 0.015430 seconds.
Begin MonoManager ReloadAssembly
Native extension for WindowsStandalone target not found
Refreshing native plugins compatible for Editor in 2.71 ms, found 2 plugins.
Preloading 0 native plugins for Editor in 0.00 ms.
Mono: successfully reloaded assembly
- Completed reload, in 10.225 seconds
Domain Reload Profiling:
	ReloadAssembly (10227ms)
		BeginReloadAssembly (618ms)
			ExecutionOrderSort (0ms)
			DisableScriptedObjects (31ms)
			BackupInstance (0ms)
			ReleaseScriptingObjects (0ms)
			CreateAndSetChildDomain (103ms)
		EndReloadAssembly (8948ms)
			LoadAssemblies (674ms)
			RebuildTransferFunctionScriptingTraits (0ms)
			SetupTypeCache (1656ms)
			ReleaseScriptCaches (3ms)
			RebuildScriptCaches (596ms)
			SetupLoadedEditorAssemblies (5848ms)
				LogAssemblyErrors (0ms)
				InitializePlatformSupportModulesInManaged (29ms)
				SetLoadedEditorAssemblies (2ms)
				RefreshPlugins (3ms)
				BeforeProcessingInitializeOnLoad (379ms)
				ProcessInitializeOnLoadAttributes (2084ms)
				ProcessInitializeOnLoadMethodAttributes (3325ms)
				AfterProcessingInitializeOnLoad (26ms)
				EditorAssembliesLoaded (1ms)
			ExecutionOrderSort2 (0ms)
			AwakeInstancesAfterBackupRestoration (23ms)
Platform modules already initialized, skipping
Refreshing native plugins compatible for Editor in 18.95 ms, found 2 plugins.
Preloading 0 native plugins for Editor in 0.00 ms.
Unloading 2256 Unused Serialized files (Serialized files now loaded: 0)
Unloading 39 unused Assets / (22.0 KB). Loaded Objects now: 2740.
Memory consumption went from 90.7 MB to 90.7 MB.
Total: 16.350900 ms (FindLiveObjects: 0.328600 ms CreateObjectMapping: 0.205600 ms MarkObjects: 15.736700 ms  DeleteObjects: 0.076800 ms)

AssetImportParameters requested are different than current active one (requested -> active):
  custom:video-decoder-ogg-theora: a1e56fd34408186e4bbccfd4996cb3dc -> 
  custom:container-muxer-webm: aa71ff27fc2769a1b78a27578f13a17b -> 
  custom:container-demuxer-webm: 4f35f7cbe854078d1ac9338744f61a02 -> 
  custom:video-encoder-webm-vp8: eb34c28f22e8b96e1ab97ce403110664 -> 
  custom:audio-encoder-webm-vorbis: bf7c407c2cedff20999df2af8eb42d56 -> 
  custom:framework-win-MediaFoundation: 216162199b28c13a410421893ffa2e32 -> 
  custom:container-demuxer-ogg: 62fdf1f143b41e24485cea50d1cbac27 -> 
  custom:video-decoder-webm-vp8: 9c59270c3fd7afecdb556c50c9e8de78 -> 
  custom:audio-decoder-ogg-vorbis: bf7c407c2cedff20999df2af8eb42d56 -> 
========================================================================
Received Import Request.
  Time since last request: 138.849740 seconds.
  path: Assets/Scripts/Player.cs
  artifactKey: Guid(2a063683f5552224893660a87c68e79e) Importer(815301076,1909f56bfc062723c751e8b465ee728b)
Start importing Assets/Scripts/Player.cs using Guid(2a063683f5552224893660a87c68e79e) Importer(815301076,1909f56bfc062723c751e8b465ee728b)  -> (artifact id: 'f786e1069ee804f3eccc86e1e8b2ed21') in 0.030236 seconds 
========================================================================
Received Prepare
Registering precompiled user dll's ...
Registered in 0.020677 seconds.
Begin MonoManager ReloadAssembly
Native extension for WindowsStandalone target not found
Refreshing native plugins compatible for Editor in 1.24 ms, found 2 plugins.
Preloading 0 native plugins for Editor in 0.00 ms.
Mono: successfully reloaded assembly
- Completed reload, in  5.027 seconds
Domain Reload Profiling:
	ReloadAssembly (5030ms)
		BeginReloadAssembly (695ms)
			ExecutionOrderSort (0ms)
			DisableScriptedObjects (30ms)
			BackupInstance (0ms)
			ReleaseScriptingObjects (0ms)
			CreateAndSetChildDomain (316ms)
		EndReloadAssembly (4053ms)
			LoadAssemblies (508ms)
			RebuildTransferFunctionScriptingTraits (1ms)
			SetupTypeCache (1378ms)
			ReleaseScriptCaches (3ms)
			RebuildScriptCaches (148ms)
			SetupLoadedEditorAssemblies (1804ms)
				LogAssemblyErrors (0ms)
				InitializePlatformSupportModulesInManaged (15ms)
				SetLoadedEditorAssemblies (1ms)
				RefreshPlugins (1ms)
				BeforeProcessingInitializeOnLoad (207ms)
				ProcessInitializeOnLoadAttributes (616ms)
				ProcessInitializeOnLoadMethodAttributes (937ms)
				AfterProcessingInitializeOnLoad (26ms)
				EditorAssembliesLoaded (0ms)
			ExecutionOrderSort2 (0ms)
			AwakeInstancesAfterBackupRestoration (25ms)
Platform modules already initialized, skipping
Refreshing native plugins compatible for Editor in 19.86 ms, found 2 plugins.
Preloading 0 native plugins for Editor in 0.00 ms.
Unloading 2256 Unused Serialized files (Serialized files now loaded: 0)
Unloading 39 unused Assets / (22.0 KB). Loaded Objects now: 2743.
Memory consumption went from 90.7 MB to 90.7 MB.
Total: 15.847000 ms (FindLiveObjects: 0.338000 ms CreateObjectMapping: 0.295400 ms MarkObjects: 15.099200 ms  DeleteObjects: 0.111200 ms)

AssetImportParameters requested are different than current active one (requested -> active):
  custom:video-decoder-ogg-theora: a1e56fd34408186e4bbccfd4996cb3dc -> 
  custom:container-muxer-webm: aa71ff27fc2769a1b78a27578f13a17b -> 
  custom:container-demuxer-webm: 4f35f7cbe854078d1ac9338744f61a02 -> 
  custom:video-encoder-webm-vp8: eb34c28f22e8b96e1ab97ce403110664 -> 
  custom:audio-encoder-webm-vorbis: bf7c407c2cedff20999df2af8eb42d56 -> 
  custom:framework-win-MediaFoundation: 216162199b28c13a410421893ffa2e32 -> 
  custom:container-demuxer-ogg: 62fdf1f143b41e24485cea50d1cbac27 -> 
  custom:video-decoder-webm-vp8: 9c59270c3fd7afecdb556c50c9e8de78 -> 
  custom:audio-decoder-ogg-vorbis: bf7c407c2cedff20999df2af8eb42d56 -> 
========================================================================
Received Prepare
Registering precompiled user dll's ...
Registered in 0.015940 seconds.
Begin MonoManager ReloadAssembly
Native extension for WindowsStandalone target not found
Refreshing native plugins compatible for Editor in 1.34 ms, found 2 plugins.
Preloading 0 native plugins for Editor in 0.00 ms.
Mono: successfully reloaded assembly
- Completed reload, in 12.631 seconds
Domain Reload Profiling:
	ReloadAssembly (12633ms)
		BeginReloadAssembly (963ms)
			ExecutionOrderSort (0ms)
			DisableScriptedObjects (94ms)
			BackupInstance (0ms)
			ReleaseScriptingObjects (4ms)
			CreateAndSetChildDomain (97ms)
		EndReloadAssembly (11128ms)
			LoadAssemblies (1307ms)
			RebuildTransferFunctionScriptingTraits (0ms)
			SetupTypeCache (753ms)
			ReleaseScriptCaches (4ms)
			RebuildScriptCaches (287ms)
			SetupLoadedEditorAssemblies (9031ms)
				LogAssemblyErrors (0ms)
				InitializePlatformSupportModulesInManaged (19ms)
				SetLoadedEditorAssemblies (3ms)
				RefreshPlugins (1ms)
				BeforeProcessingInitializeOnLoad (5631ms)
				ProcessInitializeOnLoadAttributes (2029ms)
				ProcessInitializeOnLoadMethodAttributes (1205ms)
				AfterProcessingInitializeOnLoad (142ms)
				EditorAssembliesLoaded (1ms)
			ExecutionOrderSort2 (0ms)
			AwakeInstancesAfterBackupRestoration (25ms)
Platform modules already initialized, skipping
Refreshing native plugins compatible for Editor in 21.57 ms, found 2 plugins.
Preloading 0 native plugins for Editor in 0.00 ms.
Unloading 2256 Unused Serialized files (Serialized files now loaded: 0)
Unloading 39 unused Assets / (21.9 KB). Loaded Objects now: 2746.
Memory consumption went from 90.6 MB to 90.6 MB.
Total: 1517.132800 ms (FindLiveObjects: 0.342700 ms CreateObjectMapping: 0.335900 ms MarkObjects: 1516.389700 ms  DeleteObjects: 0.061200 ms)

AssetImportParameters requested are different than current active one (requested -> active):
  custom:video-decoder-ogg-theora: a1e56fd34408186e4bbccfd4996cb3dc -> 
  custom:container-muxer-webm: aa71ff27fc2769a1b78a27578f13a17b -> 
  custom:container-demuxer-webm: 4f35f7cbe854078d1ac9338744f61a02 -> 
  custom:video-encoder-webm-vp8: eb34c28f22e8b96e1ab97ce403110664 -> 
  custom:audio-encoder-webm-vorbis: bf7c407c2cedff20999df2af8eb42d56 -> 
  custom:framework-win-MediaFoundation: 216162199b28c13a410421893ffa2e32 -> 
  custom:container-demuxer-ogg: 62fdf1f143b41e24485cea50d1cbac27 -> 
  custom:video-decoder-webm-vp8: 9c59270c3fd7afecdb556c50c9e8de78 -> 
  custom:audio-decoder-ogg-vorbis: bf7c407c2cedff20999df2af8eb42d56 -> 
========================================================================
Received Import Request.
  Time since last request: 225.451087 seconds.
  path: Assets/Scripts/Player.cs
  artifactKey: Guid(2a063683f5552224893660a87c68e79e) Importer(815301076,1909f56bfc062723c751e8b465ee728b)
Start importing Assets/Scripts/Player.cs using Guid(2a063683f5552224893660a87c68e79e) Importer(815301076,1909f56bfc062723c751e8b465ee728b)  -> (artifact id: '5e80e111fc0b5772495db92a3fe9991e') in 0.064565 seconds 
========================================================================
Received Prepare
Registering precompiled user dll's ...
Registered in 0.015439 seconds.
Begin MonoManager ReloadAssembly
Native extension for WindowsStandalone target not found
Refreshing native plugins compatible for Editor in 2.95 ms, found 2 plugins.
Preloading 0 native plugins for Editor in 0.00 ms.
Mono: successfully reloaded assembly
- Completed reload, in 144.206 seconds
Domain Reload Profiling:
	ReloadAssembly (144212ms)
		BeginReloadAssembly (66523ms)
			ExecutionOrderSort (0ms)
			DisableScriptedObjects (2405ms)
			BackupInstance (0ms)
			ReleaseScriptingObjects (0ms)
			CreateAndSetChildDomain (16648ms)
		EndReloadAssembly (61071ms)
			LoadAssemblies (37650ms)
			RebuildTransferFunctionScriptingTraits (0ms)
			SetupTypeCache (30102ms)
			ReleaseScriptCaches (5ms)
			RebuildScriptCaches (2277ms)
			SetupLoadedEditorAssemblies (24854ms)
				LogAssemblyErrors (0ms)
				InitializePlatformSupportModulesInManaged (21ms)
				SetLoadedEditorAssemblies (2ms)
				RefreshPlugins (3ms)
				BeforeProcessingInitializeOnLoad (338ms)
				ProcessInitializeOnLoadAttributes (7694ms)
				ProcessInitializeOnLoadMethodAttributes (16466ms)
				AfterProcessingInitializeOnLoad (330ms)
				EditorAssembliesLoaded (1ms)
			ExecutionOrderSort2 (0ms)
			AwakeInstancesAfterBackupRestoration (38ms)
Platform modules already initialized, skipping
Refreshing native plugins compatible for Editor in 21.48 ms, found 2 plugins.
Preloading 0 native plugins for Editor in 0.00 ms.
Unloading 2256 Unused Serialized files (Serialized files now loaded: 0)
Unloading 39 unused Assets / (21.9 KB). Loaded Objects now: 2749.
Memory consumption went from 90.7 MB to 90.7 MB.
Total: 17.197300 ms (FindLiveObjects: 0.416600 ms CreateObjectMapping: 0.304600 ms MarkObjects: 16.327200 ms  DeleteObjects: 0.145400 ms)

AssetImportParameters requested are different than current active one (requested -> active):
  custom:video-decoder-ogg-theora: a1e56fd34408186e4bbccfd4996cb3dc -> 
  custom:container-muxer-webm: aa71ff27fc2769a1b78a27578f13a17b -> 
  custom:container-demuxer-webm: 4f35f7cbe854078d1ac9338744f61a02 -> 
  custom:video-encoder-webm-vp8: eb34c28f22e8b96e1ab97ce403110664 -> 
  custom:audio-encoder-webm-vorbis: bf7c407c2cedff20999df2af8eb42d56 -> 
  custom:framework-win-MediaFoundation: 216162199b28c13a410421893ffa2e32 -> 
  custom:container-demuxer-ogg: 62fdf1f143b41e24485cea50d1cbac27 -> 
  custom:video-decoder-webm-vp8: 9c59270c3fd7afecdb556c50c9e8de78 -> 
  custom:audio-decoder-ogg-vorbis: bf7c407c2cedff20999df2af8eb42d56 -> 
========================================================================
Received Prepare
Registering precompiled user dll's ...
Registered in 0.017931 seconds.
Begin MonoManager ReloadAssembly
Native extension for WindowsStandalone target not found
Refreshing native plugins compatible for Editor in 2.24 ms, found 2 plugins.
Preloading 0 native plugins for Editor in 0.00 ms.
Mono: successfully reloaded assembly
- Completed reload, in 46.352 seconds
Domain Reload Profiling:
	ReloadAssembly (46354ms)
		BeginReloadAssembly (777ms)
			ExecutionOrderSort (0ms)
			DisableScriptedObjects (35ms)
			BackupInstance (0ms)
			ReleaseScriptingObjects (0ms)
			CreateAndSetChildDomain (115ms)
		EndReloadAssembly (45107ms)
			LoadAssemblies (578ms)
			RebuildTransferFunctionScriptingTraits (0ms)
			SetupTypeCache (962ms)
			ReleaseScriptCaches (4ms)
			RebuildScriptCaches (223ms)
			SetupLoadedEditorAssemblies (17896ms)
				LogAssemblyErrors (0ms)
				InitializePlatformSupportModulesInManaged (22ms)
				SetLoadedEditorAssemblies (2ms)
				RefreshPlugins (2ms)
				BeforeProcessingInitializeOnLoad (290ms)
				ProcessInitializeOnLoadAttributes (8867ms)
				ProcessInitializeOnLoadMethodAttributes (1921ms)
				AfterProcessingInitializeOnLoad (6792ms)
				EditorAssembliesLoaded (1ms)
			ExecutionOrderSort2 (0ms)
			AwakeInstancesAfterBackupRestoration (1464ms)
Platform modules already initialized, skipping
Refreshing native plugins compatible for Editor in 19.06 ms, found 2 plugins.
Preloading 0 native plugins for Editor in 0.00 ms.
Unloading 2256 Unused Serialized files (Serialized files now loaded: 0)
Unloading 39 unused Assets / (22.0 KB). Loaded Objects now: 2752.
Memory consumption went from 90.7 MB to 90.7 MB.
Total: 15.719800 ms (FindLiveObjects: 0.398600 ms CreateObjectMapping: 0.305900 ms MarkObjects: 14.894200 ms  DeleteObjects: 0.117700 ms)

AssetImportParameters requested are different than current active one (requested -> active):
  custom:video-decoder-ogg-theora: a1e56fd34408186e4bbccfd4996cb3dc -> 
  custom:container-muxer-webm: aa71ff27fc2769a1b78a27578f13a17b -> 
  custom:container-demuxer-webm: 4f35f7cbe854078d1ac9338744f61a02 -> 
  custom:video-encoder-webm-vp8: eb34c28f22e8b96e1ab97ce403110664 -> 
  custom:audio-encoder-webm-vorbis: bf7c407c2cedff20999df2af8eb42d56 -> 
  custom:framework-win-MediaFoundation: 216162199b28c13a410421893ffa2e32 -> 
  custom:container-demuxer-ogg: 62fdf1f143b41e24485cea50d1cbac27 -> 
  custom:video-decoder-webm-vp8: 9c59270c3fd7afecdb556c50c9e8de78 -> 
  custom:audio-decoder-ogg-vorbis: bf7c407c2cedff20999df2af8eb42d56 -> 
========================================================================
Received Prepare
Registering precompiled user dll's ...
Registered in 0.012992 seconds.
Begin MonoManager ReloadAssembly
Native extension for WindowsStandalone target not found
Refreshing native plugins compatible for Editor in 1.31 ms, found 2 plugins.
Preloading 0 native plugins for Editor in 0.00 ms.
Mono: successfully reloaded assembly
- Completed reload, in 167.632 seconds
Domain Reload Profiling:
	ReloadAssembly (167636ms)
		BeginReloadAssembly (22663ms)
			ExecutionOrderSort (0ms)
			DisableScriptedObjects (51ms)
			BackupInstance (0ms)
			ReleaseScriptingObjects (1ms)
			CreateAndSetChildDomain (15126ms)
		EndReloadAssembly (143677ms)
			LoadAssemblies (7497ms)
			RebuildTransferFunctionScriptingTraits (0ms)
			SetupTypeCache (32725ms)
			ReleaseScriptCaches (4ms)
			RebuildScriptCaches (19016ms)
			SetupLoadedEditorAssemblies (61951ms)
				LogAssemblyErrors (0ms)
				InitializePlatformSupportModulesInManaged (17ms)
				SetLoadedEditorAssemblies (1ms)
				RefreshPlugins (2ms)
				BeforeProcessingInitializeOnLoad (7417ms)
				ProcessInitializeOnLoadAttributes (27020ms)
				ProcessInitializeOnLoadMethodAttributes (27456ms)
				AfterProcessingInitializeOnLoad (38ms)
				EditorAssembliesLoaded (1ms)
			ExecutionOrderSort2 (0ms)
			AwakeInstancesAfterBackupRestoration (28ms)
Platform modules already initialized, skipping
Refreshing native plugins compatible for Editor in 41.57 ms, found 2 plugins.
Preloading 0 native plugins for Editor in 0.00 ms.
Unloading 2256 Unused Serialized files (Serialized files now loaded: 0)
Unloading 39 unused Assets / (22.0 KB). Loaded Objects now: 2755.
Memory consumption went from 90.7 MB to 90.7 MB.
Total: 27.665900 ms (FindLiveObjects: 1.178800 ms CreateObjectMapping: 0.398700 ms MarkObjects: 25.780300 ms  DeleteObjects: 0.304400 ms)

AssetImportParameters requested are different than current active one (requested -> active):
  custom:video-decoder-ogg-theora: a1e56fd34408186e4bbccfd4996cb3dc -> 
  custom:container-muxer-webm: aa71ff27fc2769a1b78a27578f13a17b -> 
  custom:container-demuxer-webm: 4f35f7cbe854078d1ac9338744f61a02 -> 
  custom:video-encoder-webm-vp8: eb34c28f22e8b96e1ab97ce403110664 -> 
  custom:audio-encoder-webm-vorbis: bf7c407c2cedff20999df2af8eb42d56 -> 
  custom:framework-win-MediaFoundation: 216162199b28c13a410421893ffa2e32 -> 
  custom:container-demuxer-ogg: 62fdf1f143b41e24485cea50d1cbac27 -> 
  custom:video-decoder-webm-vp8: 9c59270c3fd7afecdb556c50c9e8de78 -> 
  custom:audio-decoder-ogg-vorbis: bf7c407c2cedff20999df2af8eb42d56 -> 
========================================================================
Received Prepare
Registering precompiled user dll's ...
Registered in 4.734583 seconds.
Begin MonoManager ReloadAssembly
Native extension for WindowsStandalone target not found
Refreshing native plugins compatible for Editor in 1.64 ms, found 2 plugins.
Preloading 0 native plugins for Editor in 0.00 ms.
Mono: successfully reloaded assembly
- Completed reload, in 199.239 seconds
Domain Reload Profiling:
	ReloadAssembly (199242ms)
		BeginReloadAssembly (609ms)
			ExecutionOrderSort (0ms)
			DisableScriptedObjects (35ms)
			BackupInstance (0ms)
			ReleaseScriptingObjects (0ms)
			CreateAndSetChildDomain (92ms)
		EndReloadAssembly (190017ms)
			LoadAssemblies (11045ms)
			RebuildTransferFunctionScriptingTraits (0ms)
			SetupTypeCache (62639ms)
			ReleaseScriptCaches (4ms)
			RebuildScriptCaches (37997ms)
			SetupLoadedEditorAssemblies (36641ms)
				LogAssemblyErrors (0ms)
				InitializePlatformSupportModulesInManaged (14ms)
				SetLoadedEditorAssemblies (1ms)
				RefreshPlugins (2ms)
				BeforeProcessingInitializeOnLoad (30088ms)
				ProcessInitializeOnLoadAttributes (2435ms)
				ProcessInitializeOnLoadMethodAttributes (4057ms)
				AfterProcessingInitializeOnLoad (42ms)
				EditorAssembliesLoaded (1ms)
			ExecutionOrderSort2 (0ms)
			AwakeInstancesAfterBackupRestoration (24ms)
Platform modules already initialized, skipping
Refreshing native plugins compatible for Editor in 15.79 ms, found 2 plugins.
Preloading 0 native plugins for Editor in 0.00 ms.
Unloading 2256 Unused Serialized files (Serialized files now loaded: 0)
Unloading 39 unused Assets / (22.0 KB). Loaded Objects now: 2758.
Memory consumption went from 90.8 MB to 90.7 MB.
Total: 33.124300 ms (FindLiveObjects: 0.357000 ms CreateObjectMapping: 1.559500 ms MarkObjects: 31.013900 ms  DeleteObjects: 0.190500 ms)

AssetImportParameters requested are different than current active one (requested -> active):
  custom:video-decoder-ogg-theora: a1e56fd34408186e4bbccfd4996cb3dc -> 
  custom:container-muxer-webm: aa71ff27fc2769a1b78a27578f13a17b -> 
  custom:container-demuxer-webm: 4f35f7cbe854078d1ac9338744f61a02 -> 
  custom:video-encoder-webm-vp8: eb34c28f22e8b96e1ab97ce403110664 -> 
  custom:audio-encoder-webm-vorbis: bf7c407c2cedff20999df2af8eb42d56 -> 
  custom:framework-win-MediaFoundation: 216162199b28c13a410421893ffa2e32 -> 
  custom:container-demuxer-ogg: 62fdf1f143b41e24485cea50d1cbac27 -> 
  custom:video-decoder-webm-vp8: 9c59270c3fd7afecdb556c50c9e8de78 -> 
  custom:audio-decoder-ogg-vorbis: bf7c407c2cedff20999df2af8eb42d56 -> 
========================================================================
Received Prepare
Registering precompiled user dll's ...
Registered in 0.018742 seconds.
Begin MonoManager ReloadAssembly
Native extension for WindowsStandalone target not found
Refreshing native plugins compatible for Editor in 1.43 ms, found 2 plugins.
Preloading 0 native plugins for Editor in 0.00 ms.
Mono: successfully reloaded assembly
- Completed reload, in  6.432 seconds
Domain Reload Profiling:
	ReloadAssembly (6435ms)
		BeginReloadAssembly (755ms)
			ExecutionOrderSort (0ms)
			DisableScriptedObjects (38ms)
			BackupInstance (0ms)
			ReleaseScriptingObjects (1ms)
			CreateAndSetChildDomain (151ms)
		EndReloadAssembly (5350ms)
			LoadAssemblies (1033ms)
			RebuildTransferFunctionScriptingTraits (0ms)
			SetupTypeCache (695ms)
			ReleaseScriptCaches (3ms)
			RebuildScriptCaches (174ms)
			SetupLoadedEditorAssemblies (3542ms)
				LogAssemblyErrors (0ms)
				InitializePlatformSupportModulesInManaged (17ms)
				SetLoadedEditorAssemblies (2ms)
				RefreshPlugins (2ms)
				BeforeProcessingInitializeOnLoad (218ms)
				ProcessInitializeOnLoadAttributes (2765ms)
				ProcessInitializeOnLoadMethodAttributes (515ms)
				AfterProcessingInitializeOnLoad (23ms)
				EditorAssembliesLoaded (1ms)
			ExecutionOrderSort2 (0ms)
			AwakeInstancesAfterBackupRestoration (23ms)
Platform modules already initialized, skipping
Refreshing native plugins compatible for Editor in 17.34 ms, found 2 plugins.
Preloading 0 native plugins for Editor in 0.00 ms.
Unloading 2256 Unused Serialized files (Serialized files now loaded: 0)
Unloading 39 unused Assets / (22.0 KB). Loaded Objects now: 2761.
Memory consumption went from 90.7 MB to 90.7 MB.
Total: 16.340900 ms (FindLiveObjects: 0.345800 ms CreateObjectMapping: 0.289400 ms MarkObjects: 15.634100 ms  DeleteObjects: 0.068000 ms)

AssetImportParameters requested are different than current active one (requested -> active):
  custom:video-decoder-ogg-theora: a1e56fd34408186e4bbccfd4996cb3dc -> 
  custom:container-muxer-webm: aa71ff27fc2769a1b78a27578f13a17b -> 
  custom:container-demuxer-webm: 4f35f7cbe854078d1ac9338744f61a02 -> 
  custom:video-encoder-webm-vp8: eb34c28f22e8b96e1ab97ce403110664 -> 
  custom:audio-encoder-webm-vorbis: bf7c407c2cedff20999df2af8eb42d56 -> 
  custom:framework-win-MediaFoundation: 216162199b28c13a410421893ffa2e32 -> 
  custom:container-demuxer-ogg: 62fdf1f143b41e24485cea50d1cbac27 -> 
  custom:video-decoder-webm-vp8: 9c59270c3fd7afecdb556c50c9e8de78 -> 
  custom:audio-decoder-ogg-vorbis: bf7c407c2cedff20999df2af8eb42d56 -> 
========================================================================
Received Import Request.
  Time since last request: 1249.034347 seconds.
  path: Assets/Prefabs/Mario Variant.prefab
  artifactKey: Guid(db163b211ea0cc5479e6b8ff51e281a6) Importer(815301076,1909f56bfc062723c751e8b465ee728b)
Start importing Assets/Prefabs/Mario Variant.prefab using Guid(db163b211ea0cc5479e6b8ff51e281a6) Importer(815301076,1909f56bfc062723c751e8b465ee728b)  -> (artifact id: '159939b3a286b8ec2e7f8131bc43e563') in 0.105707 seconds 
========================================================================
Received Import Request.
  Time since last request: 29.532143 seconds.
  path: Assets/Prefabs/Mario Variant.prefab
  artifactKey: Guid(db163b211ea0cc5479e6b8ff51e281a6) Importer(815301076,1909f56bfc062723c751e8b465ee728b)
Start importing Assets/Prefabs/Mario Variant.prefab using Guid(db163b211ea0cc5479e6b8ff51e281a6) Importer(815301076,1909f56bfc062723c751e8b465ee728b)  -> (artifact id: 'ffc4d5c0f4d4bc36d54c5c800ff79e37') in 25.748493 seconds 
========================================================================
Received Import Request.
  Time since last request: 1.284235 seconds.
  path: Assets/Prefabs/Mario.prefab
  artifactKey: Guid(fffaa3ea6a2c8a842856481e1b5ee6d6) Importer(815301076,1909f56bfc062723c751e8b465ee728b)
Start importing Assets/Prefabs/Mario.prefab using Guid(fffaa3ea6a2c8a842856481e1b5ee6d6) Importer(815301076,1909f56bfc062723c751e8b465ee728b)  -> (artifact id: '68316c4135005d11b6fe821b92c1ee52') in 0.143158 seconds 
========================================================================
Received Prepare
Registering precompiled user dll's ...
Registered in 0.016800 seconds.
Begin MonoManager ReloadAssembly
Native extension for WindowsStandalone target not found
Refreshing native plugins compatible for Editor in 1.79 ms, found 2 plugins.
Preloading 0 native plugins for Editor in 0.00 ms.
Mono: successfully reloaded assembly
- Completed reload, in  8.828 seconds
Domain Reload Profiling:
	ReloadAssembly (8830ms)
		BeginReloadAssembly (1291ms)
			ExecutionOrderSort (0ms)
			DisableScriptedObjects (81ms)
			BackupInstance (0ms)
			ReleaseScriptingObjects (0ms)
			CreateAndSetChildDomain (260ms)
		EndReloadAssembly (7068ms)
			LoadAssemblies (922ms)
			RebuildTransferFunctionScriptingTraits (0ms)
			SetupTypeCache (746ms)
			ReleaseScriptCaches (3ms)
			RebuildScriptCaches (236ms)
			SetupLoadedEditorAssemblies (5380ms)
				LogAssemblyErrors (0ms)
				InitializePlatformSupportModulesInManaged (18ms)
				SetLoadedEditorAssemblies (2ms)
				RefreshPlugins (2ms)
				BeforeProcessingInitializeOnLoad (496ms)
				ProcessInitializeOnLoadAttributes (3974ms)
				ProcessInitializeOnLoadMethodAttributes (853ms)
				AfterProcessingInitializeOnLoad (28ms)
				EditorAssembliesLoaded (6ms)
			ExecutionOrderSort2 (0ms)
			AwakeInstancesAfterBackupRestoration (39ms)
Platform modules already initialized, skipping
Refreshing native plugins compatible for Editor in 21.24 ms, found 2 plugins.
Preloading 0 native plugins for Editor in 0.00 ms.
Unloading 2256 Unused Serialized files (Serialized files now loaded: 0)
Unloading 39 unused Assets / (97.0 KB). Loaded Objects now: 2765.
Memory consumption went from 90.8 MB to 90.7 MB.
Total: 20.687400 ms (FindLiveObjects: 0.350000 ms CreateObjectMapping: 0.872600 ms MarkObjects: 18.940100 ms  DeleteObjects: 0.521400 ms)

AssetImportParameters requested are different than current active one (requested -> active):
  custom:video-decoder-ogg-theora: a1e56fd34408186e4bbccfd4996cb3dc -> 
  custom:container-muxer-webm: aa71ff27fc2769a1b78a27578f13a17b -> 
  custom:container-demuxer-webm: 4f35f7cbe854078d1ac9338744f61a02 -> 
  custom:video-encoder-webm-vp8: eb34c28f22e8b96e1ab97ce403110664 -> 
  custom:audio-encoder-webm-vorbis: bf7c407c2cedff20999df2af8eb42d56 -> 
  custom:framework-win-MediaFoundation: 216162199b28c13a410421893ffa2e32 -> 
  custom:container-demuxer-ogg: 62fdf1f143b41e24485cea50d1cbac27 -> 
  custom:video-decoder-webm-vp8: 9c59270c3fd7afecdb556c50c9e8de78 -> 
  custom:audio-decoder-ogg-vorbis: bf7c407c2cedff20999df2af8eb42d56 -> 
========================================================================
Received Import Request.
  Time since last request: 49.806887 seconds.
  path: Assets/Scripts
  artifactKey: Guid(0d06c91de0830ac469463ae92a73ab7f) Importer(815301076,1909f56bfc062723c751e8b465ee728b)
Start importing Assets/Scripts using Guid(0d06c91de0830ac469463ae92a73ab7f) Importer(815301076,1909f56bfc062723c751e8b465ee728b)  -> (artifact id: 'd450643ec293d14b4d82982e9feaa0ce') in 0.046011 seconds 
========================================================================
Received Import Request.
  Time since last request: 7.287814 seconds.
  path: Assets/Scripts/Spawner.cs
  artifactKey: Guid(a02ea3f0cb0f40c42940a30161dc391b) Importer(815301076,1909f56bfc062723c751e8b465ee728b)
Start importing Assets/Scripts/Spawner.cs using Guid(a02ea3f0cb0f40c42940a30161dc391b) Importer(815301076,1909f56bfc062723c751e8b465ee728b)  -> (artifact id: 'c2cad1a8fbe0686a7babc34c2304f117') in 2.890021 seconds 
========================================================================
Received Prepare
Registering precompiled user dll's ...
Registered in 0.101360 seconds.
Begin MonoManager ReloadAssembly
Native extension for WindowsStandalone target not found
Refreshing native plugins compatible for Editor in 1.51 ms, found 2 plugins.
Preloading 0 native plugins for Editor in 0.00 ms.
Mono: successfully reloaded assembly
- Completed reload, in 12.163 seconds
Domain Reload Profiling:
	ReloadAssembly (12165ms)
		BeginReloadAssembly (679ms)
			ExecutionOrderSort (0ms)
			DisableScriptedObjects (32ms)
			BackupInstance (0ms)
			ReleaseScriptingObjects (0ms)
			CreateAndSetChildDomain (191ms)
		EndReloadAssembly (10976ms)
			LoadAssemblies (550ms)
			RebuildTransferFunctionScriptingTraits (0ms)
			SetupTypeCache (7270ms)
			ReleaseScriptCaches (4ms)
			RebuildScriptCaches (187ms)
			SetupLoadedEditorAssemblies (2665ms)
				LogAssemblyErrors (0ms)
				InitializePlatformSupportModulesInManaged (21ms)
				SetLoadedEditorAssemblies (2ms)
				RefreshPlugins (2ms)
				BeforeProcessingInitializeOnLoad (273ms)
				ProcessInitializeOnLoadAttributes (1548ms)
				ProcessInitializeOnLoadMethodAttributes (785ms)
				AfterProcessingInitializeOnLoad (33ms)
				EditorAssembliesLoaded (2ms)
			ExecutionOrderSort2 (0ms)
			AwakeInstancesAfterBackupRestoration (29ms)
Platform modules already initialized, skipping
Refreshing native plugins compatible for Editor in 17.81 ms, found 2 plugins.
Preloading 0 native plugins for Editor in 0.00 ms.
Unloading 2257 Unused Serialized files (Serialized files now loaded: 0)
Unloading 39 unused Assets / (97.0 KB). Loaded Objects now: 2769.
Memory consumption went from 90.8 MB to 90.7 MB.
Total: 34.080400 ms (FindLiveObjects: 0.760000 ms CreateObjectMapping: 0.359700 ms MarkObjects: 32.422700 ms  DeleteObjects: 0.534500 ms)

AssetImportParameters requested are different than current active one (requested -> active):
  custom:video-decoder-ogg-theora: a1e56fd34408186e4bbccfd4996cb3dc -> 
  custom:container-muxer-webm: aa71ff27fc2769a1b78a27578f13a17b -> 
  custom:container-demuxer-webm: 4f35f7cbe854078d1ac9338744f61a02 -> 
  custom:video-encoder-webm-vp8: eb34c28f22e8b96e1ab97ce403110664 -> 
  custom:audio-encoder-webm-vorbis: bf7c407c2cedff20999df2af8eb42d56 -> 
  custom:framework-win-MediaFoundation: 216162199b28c13a410421893ffa2e32 -> 
  custom:container-demuxer-ogg: 62fdf1f143b41e24485cea50d1cbac27 -> 
  custom:video-decoder-webm-vp8: 9c59270c3fd7afecdb556c50c9e8de78 -> 
  custom:audio-decoder-ogg-vorbis: bf7c407c2cedff20999df2af8eb42d56 -> 
========================================================================
Received Prepare
Registering precompiled user dll's ...
Registered in 0.026117 seconds.
Begin MonoManager ReloadAssembly
Native extension for WindowsStandalone target not found
Refreshing native plugins compatible for Editor in 1.62 ms, found 2 plugins.
Preloading 0 native plugins for Editor in 0.00 ms.
Mono: successfully reloaded assembly
- Completed reload, in 21.206 seconds
Domain Reload Profiling:
	ReloadAssembly (21209ms)
		BeginReloadAssembly (846ms)
			ExecutionOrderSort (0ms)
			DisableScriptedObjects (42ms)
			BackupInstance (0ms)
			ReleaseScriptingObjects (0ms)
			CreateAndSetChildDomain (115ms)
		EndReloadAssembly (15799ms)
			LoadAssemblies (735ms)
			RebuildTransferFunctionScriptingTraits (0ms)
			SetupTypeCache (798ms)
			ReleaseScriptCaches (5ms)
			RebuildScriptCaches (205ms)
			SetupLoadedEditorAssemblies (14175ms)
				LogAssemblyErrors (2ms)
				InitializePlatformSupportModulesInManaged (24ms)
				SetLoadedEditorAssemblies (1ms)
				RefreshPlugins (2ms)
				BeforeProcessingInitializeOnLoad (217ms)
				ProcessInitializeOnLoadAttributes (3135ms)
				ProcessInitializeOnLoadMethodAttributes (10025ms)
				AfterProcessingInitializeOnLoad (754ms)
				EditorAssembliesLoaded (15ms)
			ExecutionOrderSort2 (0ms)
			AwakeInstancesAfterBackupRestoration (62ms)
Platform modules already initialized, skipping
Refreshing native plugins compatible for Editor in 24.15 ms, found 2 plugins.
Preloading 0 native plugins for Editor in 0.00 ms.
Unloading 2257 Unused Serialized files (Serialized files now loaded: 0)
Unloading 39 unused Assets / (21.9 KB). Loaded Objects now: 2772.
Memory consumption went from 90.8 MB to 90.8 MB.
Total: 15.040600 ms (FindLiveObjects: 0.424200 ms CreateObjectMapping: 0.319900 ms MarkObjects: 14.164600 ms  DeleteObjects: 0.128300 ms)

AssetImportParameters requested are different than current active one (requested -> active):
  custom:video-decoder-ogg-theora: a1e56fd34408186e4bbccfd4996cb3dc -> 
  custom:container-muxer-webm: aa71ff27fc2769a1b78a27578f13a17b -> 
  custom:container-demuxer-webm: 4f35f7cbe854078d1ac9338744f61a02 -> 
  custom:video-encoder-webm-vp8: eb34c28f22e8b96e1ab97ce403110664 -> 
  custom:audio-encoder-webm-vorbis: bf7c407c2cedff20999df2af8eb42d56 -> 
  custom:framework-win-MediaFoundation: 216162199b28c13a410421893ffa2e32 -> 
  custom:container-demuxer-ogg: 62fdf1f143b41e24485cea50d1cbac27 -> 
  custom:video-decoder-webm-vp8: 9c59270c3fd7afecdb556c50c9e8de78 -> 
  custom:audio-decoder-ogg-vorbis: bf7c407c2cedff20999df2af8eb42d56 -> 
========================================================================
Received Import Request.
  Time since last request: 417.467998 seconds.
  path: Assets/Scripts/Spawner.cs
  artifactKey: Guid(a02ea3f0cb0f40c42940a30161dc391b) Importer(815301076,1909f56bfc062723c751e8b465ee728b)
Start importing Assets/Scripts/Spawner.cs using Guid(a02ea3f0cb0f40c42940a30161dc391b) Importer(815301076,1909f56bfc062723c751e8b465ee728b)  -> (artifact id: 'f783d455ff5775028d281eaa79fd2280') in 0.032331 seconds 
========================================================================
Received Prepare
Registering precompiled user dll's ...
Registered in 0.016973 seconds.
Begin MonoManager ReloadAssembly
Native extension for WindowsStandalone target not found
Refreshing native plugins compatible for Editor in 1.19 ms, found 2 plugins.
Preloading 0 native plugins for Editor in 0.00 ms.
Mono: successfully reloaded assembly
- Completed reload, in 12.216 seconds
Domain Reload Profiling:
	ReloadAssembly (12218ms)
		BeginReloadAssembly (7907ms)
			ExecutionOrderSort (0ms)
			DisableScriptedObjects (4744ms)
			BackupInstance (0ms)
			ReleaseScriptingObjects (0ms)
			CreateAndSetChildDomain (66ms)
		EndReloadAssembly (4040ms)
			LoadAssemblies (404ms)
			RebuildTransferFunctionScriptingTraits (0ms)
			SetupTypeCache (402ms)
			ReleaseScriptCaches (3ms)
			RebuildScriptCaches (103ms)
			SetupLoadedEditorAssemblies (3028ms)
				LogAssemblyErrors (0ms)
				InitializePlatformSupportModulesInManaged (13ms)
				SetLoadedEditorAssemblies (1ms)
				RefreshPlugins (1ms)
				BeforeProcessingInitializeOnLoad (154ms)
				ProcessInitializeOnLoadAttributes (2177ms)
				ProcessInitializeOnLoadMethodAttributes (663ms)
				AfterProcessingInitializeOnLoad (18ms)
				EditorAssembliesLoaded (0ms)
			ExecutionOrderSort2 (0ms)
			AwakeInstancesAfterBackupRestoration (177ms)
Platform modules already initialized, skipping
Refreshing native plugins compatible for Editor in 12.91 ms, found 2 plugins.
Preloading 0 native plugins for Editor in 0.00 ms.
Unloading 2257 Unused Serialized files (Serialized files now loaded: 0)
Unloading 39 unused Assets / (22.0 KB). Loaded Objects now: 2775.
Memory consumption went from 90.8 MB to 90.8 MB.
Total: 13.379900 ms (FindLiveObjects: 0.324600 ms CreateObjectMapping: 0.162400 ms MarkObjects: 12.766800 ms  DeleteObjects: 0.122400 ms)

AssetImportParameters requested are different than current active one (requested -> active):
  custom:video-decoder-ogg-theora: a1e56fd34408186e4bbccfd4996cb3dc -> 
  custom:container-muxer-webm: aa71ff27fc2769a1b78a27578f13a17b -> 
  custom:container-demuxer-webm: 4f35f7cbe854078d1ac9338744f61a02 -> 
  custom:video-encoder-webm-vp8: eb34c28f22e8b96e1ab97ce403110664 -> 
  custom:audio-encoder-webm-vorbis: bf7c407c2cedff20999df2af8eb42d56 -> 
  custom:framework-win-MediaFoundation: 216162199b28c13a410421893ffa2e32 -> 
  custom:container-demuxer-ogg: 62fdf1f143b41e24485cea50d1cbac27 -> 
  custom:video-decoder-webm-vp8: 9c59270c3fd7afecdb556c50c9e8de78 -> 
  custom:audio-decoder-ogg-vorbis: bf7c407c2cedff20999df2af8eb42d56 -> 
AssetImportWorkerClient::OnTransportError - code=10054 error=An existing connection was forcibly closed by the remote host.
